<?xml version="1.0" encoding="UTF-8"?>
<!-- Generated by org.testng.reporters.JUnitReportReporter -->
<testsuite hostname="DESKTOP-7S7LCUO" failures="0" tests="1" name="com.ecom.project.test.IndexTest" time="13.614" errors="0" timestamp="2024-03-13T11:27:40 IST" skipped="0">
  <testcase classname="com.ecom.project.test.IndexTest" name="test1" time="13.614"/>
</testsuite> <!-- com.ecom.project.test.IndexTest -->
