<?xml version="1.0" encoding="UTF-8"?>
<!-- Generated by org.testng.reporters.JUnitReportReporter -->
<testsuite hostname="DESKTOP-7S7LCUO" failures="0" tests="1" name="com.ecom.project.test.RegisterTest" time="1.116" errors="0" timestamp="2024-03-14T11:13:45 IST" skipped="0">
  <testcase classname="com.ecom.project.test.RegisterTest" name="clickOnRegister" time="1.116"/>
</testsuite> <!-- com.ecom.project.test.RegisterTest -->
